<?xml version="1.0" encoding="UTF-8"?>
<!-- Generated by org.testng.reporters.JUnitReportReporter -->
<testsuite hostname="Manoj-007" failures="0" tests="1" name="Cart.HAndMFlow5" time="52.709" errors="1" timestamp="2024-04-25T11:15:32 IST" skipped="0">
  <testcase classname="Cart.HAndMFlow5" name="script" time="52.709">
    <error message="An element could not be located on the page using the given search parameters.
For documentation on this error, please visit: https://www.selenium.dev/documentation/webdriver/troubleshooting/errors#no-such-element-exception
Build info: version: &#039;4.13.0&#039;, revision: &#039;ba948ece5b*&#039;
System info: os.name: &#039;Windows 10&#039;, os.arch: &#039;amd64&#039;, os.version: &#039;10.0&#039;, java.version: &#039;17.0.8.1&#039;
Driver info: io.appium.java_client.android.AndroidDriver
Command: [8d812c57-a5c6-4e00-8c28-ebcbcb29d560, findElement {using=xpath, value=//android.widget.TextView[@resource-id=&quot;com.hm.goe:id/articleName&quot;]}]
Capabilities {appium:UDID: 10BE4217P9001JG, appium:appActivity: .app.home.HomeActivity, appium:appPackage: com.hm.goe, appium:automationName: uiAutomator2, appium:databaseEnabled: false, appium:desired: {UDID: 10BE4217P9001JG, appActivity: .app.home.HomeActivity, appPackage: com.hm.goe, automationName: uiAutomator2, deviceName: vivo Y28 5G, platformName: ANDROID, unlockKey: 2662, unlockType: pin}, appium:deviceApiLevel: 33, appium:deviceManufacturer: vivo, appium:deviceModel: V2315, appium:deviceName: 10BE4217P9001JG, appium:deviceScreenDensity: 300, appium:deviceScreenSize: 720x1612, appium:deviceUDID: 10BE4217P9001JG, appium:javascriptEnabled: true, appium:locationContextEnabled: false, appium:networkConnectionEnabled: true, appium:pixelRatio: 1.875, appium:platformVersion: 13, appium:statBarHeight: 60, appium:takesScreenshot: true, appium:unlockKey: 2662, appium:unlockType: pin, appium:viewportRect: {height: 1552, left: 0, top: 60, width: 720}, appium:warnings: {}, appium:webStorageEnabled: false, platformName: ANDROID}
Session ID: 8d812c57-a5c6-4e00-8c28-ebcbcb29d560" type="org.openqa.selenium.NoSuchElementException">
      <![CDATA[org.openqa.selenium.NoSuchElementException: An element could not be located on the page using the given search parameters.
For documentation on this error, please visit: https://www.selenium.dev/documentation/webdriver/troubleshooting/errors#no-such-element-exception
Build info: version: '4.13.0', revision: 'ba948ece5b*'
System info: os.name: 'Windows 10', os.arch: 'amd64', os.version: '10.0', java.version: '17.0.8.1'
Driver info: io.appium.java_client.android.AndroidDriver
Command: [8d812c57-a5c6-4e00-8c28-ebcbcb29d560, findElement {using=xpath, value=//android.widget.TextView[@resource-id="com.hm.goe:id/articleName"]}]
Capabilities {appium:UDID: 10BE4217P9001JG, appium:appActivity: .app.home.HomeActivity, appium:appPackage: com.hm.goe, appium:automationName: uiAutomator2, appium:databaseEnabled: false, appium:desired: {UDID: 10BE4217P9001JG, appActivity: .app.home.HomeActivity, appPackage: com.hm.goe, automationName: uiAutomator2, deviceName: vivo Y28 5G, platformName: ANDROID, unlockKey: 2662, unlockType: pin}, appium:deviceApiLevel: 33, appium:deviceManufacturer: vivo, appium:deviceModel: V2315, appium:deviceName: 10BE4217P9001JG, appium:deviceScreenDensity: 300, appium:deviceScreenSize: 720x1612, appium:deviceUDID: 10BE4217P9001JG, appium:javascriptEnabled: true, appium:locationContextEnabled: false, appium:networkConnectionEnabled: true, appium:pixelRatio: 1.875, appium:platformVersion: 13, appium:statBarHeight: 60, appium:takesScreenshot: true, appium:unlockKey: 2662, appium:unlockType: pin, appium:viewportRect: {height: 1552, left: 0, top: 60, width: 720}, appium:warnings: {}, appium:webStorageEnabled: false, platformName: ANDROID}
Session ID: 8d812c57-a5c6-4e00-8c28-ebcbcb29d560
at java.base/jdk.internal.reflect.NativeConstructorAccessorImpl.newInstance0(Native Method)
at java.base/jdk.internal.reflect.NativeConstructorAccessorImpl.newInstance(NativeConstructorAccessorImpl.java:77)
at java.base/jdk.internal.reflect.DelegatingConstructorAccessorImpl.newInstance(DelegatingConstructorAccessorImpl.java:45)
at java.base/java.lang.reflect.Constructor.newInstanceWithCaller(Constructor.java:499)
at java.base/java.lang.reflect.Constructor.newInstance(Constructor.java:480)
at org.openqa.selenium.remote.codec.w3c.W3CHttpResponseCodec.createException(W3CHttpResponseCodec.java:200)
at org.openqa.selenium.remote.codec.w3c.W3CHttpResponseCodec.decode(W3CHttpResponseCodec.java:133)
at org.openqa.selenium.remote.codec.w3c.W3CHttpResponseCodec.decode(W3CHttpResponseCodec.java:52)
at org.openqa.selenium.remote.HttpCommandExecutor.execute(HttpCommandExecutor.java:191)
at io.appium.java_client.remote.AppiumCommandExecutor.execute(AppiumCommandExecutor.java:250)
at org.openqa.selenium.remote.RemoteWebDriver.execute(RemoteWebDriver.java:602)
at org.openqa.selenium.remote.ElementLocation$ElementFinder$2.findElement(ElementLocation.java:165)
at org.openqa.selenium.remote.ElementLocation.findElement(ElementLocation.java:59)
at org.openqa.selenium.remote.RemoteWebDriver.findElement(RemoteWebDriver.java:359)
at org.openqa.selenium.remote.RemoteWebDriver.findElement(RemoteWebDriver.java:353)
at org.openqa.selenium.support.pagefactory.DefaultElementLocator.findElement(DefaultElementLocator.java:68)
at org.openqa.selenium.support.pagefactory.internal.LocatingElementHandler.invoke(LocatingElementHandler.java:38)
at jdk.proxy2/jdk.proxy2.$Proxy18.isDisplayed(Unknown Source)
at Cart.HAndMFlow5.script(HAndMFlow5.java:64)
at java.base/jdk.internal.reflect.NativeMethodAccessorImpl.invoke0(Native Method)
at java.base/jdk.internal.reflect.NativeMethodAccessorImpl.invoke(NativeMethodAccessorImpl.java:77)
at java.base/jdk.internal.reflect.DelegatingMethodAccessorImpl.invoke(DelegatingMethodAccessorImpl.java:43)
at java.base/java.lang.reflect.Method.invoke(Method.java:568)
at org.testng.internal.MethodInvocationHelper.invokeMethod(MethodInvocationHelper.java:133)
at org.testng.internal.TestInvoker.invokeMethod(TestInvoker.java:598)
at org.testng.internal.TestInvoker.invokeTestMethod(TestInvoker.java:173)
at org.testng.internal.MethodRunner.runInSequence(MethodRunner.java:46)
at org.testng.internal.TestInvoker$MethodInvocationAgent.invoke(TestInvoker.java:824)
at org.testng.internal.TestInvoker.invokeTestMethods(TestInvoker.java:146)
at org.testng.internal.TestMethodWorker.invokeTestMethods(TestMethodWorker.java:146)
at org.testng.internal.TestMethodWorker.run(TestMethodWorker.java:128)
at java.base/java.util.ArrayList.forEach(ArrayList.java:1511)
at org.testng.TestRunner.privateRun(TestRunner.java:794)
at org.testng.TestRunner.run(TestRunner.java:596)
at org.testng.SuiteRunner.runTest(SuiteRunner.java:377)
at org.testng.SuiteRunner.runSequentially(SuiteRunner.java:371)
at org.testng.SuiteRunner.privateRun(SuiteRunner.java:332)
at org.testng.SuiteRunner.run(SuiteRunner.java:276)
at org.testng.SuiteRunnerWorker.runSuite(SuiteRunnerWorker.java:53)
at org.testng.SuiteRunnerWorker.run(SuiteRunnerWorker.java:96)
at org.testng.TestNG.runSuitesSequentially(TestNG.java:1212)
at org.testng.TestNG.runSuitesLocally(TestNG.java:1134)
at org.testng.TestNG.runSuites(TestNG.java:1063)
at org.testng.TestNG.run(TestNG.java:1031)
at org.testng.remote.AbstractRemoteTestNG.run(AbstractRemoteTestNG.java:115)
at org.testng.remote.RemoteTestNG.initAndRun(RemoteTestNG.java:251)
at org.testng.remote.RemoteTestNG.main(RemoteTestNG.java:77)
]]>
    </error>
  </testcase> <!-- script -->
  <system-out/>
</testsuite> <!-- Cart.HAndMFlow5 -->
